<component name="ArtifactManager">
  <artifact type="war" name="Junit:war">
    <output-path>$PROJECT_DIR$/target</output-path>
    <root id="archive" name="Junit.war">
      <element id="artifact" artifact-name="Junit:war exploded" />
    </root>
  </artifact>
</component>