<component name="ArtifactManager">
  <artifact type="exploded-war" name="Junit:war exploded">
    <output-path>$PROJECT_DIR$/target/Junit</output-path>
    <root id="root">
      <element id="directory" name="WEB-INF">
        <element id="directory" name="classes">
          <element id="module-output" name="Junit" />
        </element>
        <element id="directory" name="lib">
          <element id="library" level="project" name="Maven: junit:junit:4.12" />
          <element id="library" level="project" name="Maven: org.hamcrest:hamcrest-core:1.3" />
          <element id="library" level="project" name="Maven: jstl:jstl:1.2" />
          <element id="library" level="project" name="Maven: org.apache.commons:commons-dbcp2:2.1.1" />
          <element id="library" level="project" name="Maven: org.apache.commons:commons-pool2:2.4.2" />
          <element id="library" level="project" name="Maven: commons-logging:commons-logging:1.2" />
          <element id="library" level="project" name="Maven: commons-dbutils:commons-dbutils:1.6" />
          <element id="library" level="project" name="Maven: mysql:mysql-connector-java:5.1.40" />
          <element id="library" level="project" name="Maven: log4j:log4j:$" />
        </element>
      </element>
      <element id="directory" name="META-INF">
        <element id="file-copy" path="$PROJECT_DIR$/target/Junit/META-INF/MANIFEST.MF" />
      </element>
      <element id="javaee-facet-resources" facet="Junit/web/Web" />
    </root>
  </artifact>
</component>