<component name="ArtifactManager">
  <artifact type="exploded-war" name="Junit:war exploded">
    <output-path>$PROJECT_DIR$/target/Junit</output-path>
    <root id="root">
      <element id="directory" name="WEB-INF">
        <element id="directory" name="classes">
          <element id="module-output" name="Junit" />
        </element>
      </element>
      <element id="directory" name="META-INF">
        <element id="file-copy" path="$PROJECT_DIR$/target/Junit/META-INF/MANIFEST.MF" />
      </element>
      <element id="javaee-facet-resources" facet="Junit/web/Web" />
    </root>
  </artifact>
</component>